This is pdfTeXk, Version 3.1415926-1.40.9 (Web2C 7.5.7) (format=pdflatex 2009.4.22)  11 JUL 2009 19:34
entering extended mode
 Source specials enabled.
 %&-line parsing enabled.
**\input file.tex
(./file.tex (./elsarticle.cls
Document Class: elsarticle 2008/05/22, 1.0.1: Elsevier Science
\@bls=\dimen102
(/usr/share/texmf-dist/tex/latex/base/article.cls
Document Class: article 2005/09/16 v1.4f Standard LaTeX document class
(/usr/share/texmf-dist/tex/latex/base/size10.clo
File: size10.clo 2005/09/16 v1.4f Standard LaTeX file (size option)
)
\c@part=\count79
\c@section=\count80
\c@subsection=\count81
\c@subsubsection=\count82
\c@paragraph=\count83
\c@subparagraph=\count84
\c@figure=\count85
\c@table=\count86
\abovecaptionskip=\skip41
\belowcaptionskip=\skip42
\bibindent=\dimen103
)
(/usr/share/texmf-dist/tex/latex/graphics/graphicx.sty
Package: graphicx 1999/02/16 v1.0f Enhanced LaTeX Graphics (DPC,SPQR)

(/usr/share/texmf-dist/tex/latex/graphics/keyval.sty
Package: keyval 1999/03/16 v1.13 key=value parser (DPC)
\KV@toks@=\toks14
)
(/usr/share/texmf-dist/tex/latex/graphics/graphics.sty
Package: graphics 2006/02/20 v1.0o Standard LaTeX Graphics (DPC,SPQR)

(/usr/share/texmf-dist/tex/latex/graphics/trig.sty
Package: trig 1999/03/16 v1.09 sin cos tan (DPC)
)
(/usr/share/texmf/tex/latex/config/graphics.cfg
File: graphics.cfg 2007/01/18 v1.5 graphics configuration of teTeX/TeXLive
)
Package graphics Info: Driver file: pdftex.def on input line 90.

(/usr/share/texmf-dist/tex/latex/pdftex-def/pdftex.def
File: pdftex.def 2008/09/08 v0.04l Graphics/color for pdfTeX
\Gread@gobject=\count87
))
\Gin@req@height=\dimen104
\Gin@req@width=\dimen105
)
(/usr/share/texmf-dist/tex/latex/psnfss/pifont.sty
Package: pifont 2005/04/12 PSNFSS-v9.2a Pi font support (SPQR) 
LaTeX Font Info:    Try loading font information for U+pzd on input line 63.

(/usr/share/texmf-dist/tex/latex/psnfss/upzd.fd
File: upzd.fd 2001/06/04 font definitions for U/pzd.
)
LaTeX Font Info:    Try loading font information for U+psy on input line 64.

(/usr/share/texmf-dist/tex/latex/psnfss/upsy.fd
File: upsy.fd 2001/06/04 font definitions for U/psy.
))
\c@tnote=\count88
\c@fnote=\count89
\c@cnote=\count90
\c@ead=\count91
\c@author=\count92
\@eadauthor=\toks15
\c@affn=\count93
\absbox=\box26
\keybox=\box27
\Columnwidth=\dimen106
\space@left=\dimen107
\els@boxa=\box28
\els@boxb=\box29
\leftMargin=\dimen108
\@enLab=\toks16
\@sep=\skip43
\@@sep=\skip44
 (./file.spl)
(/usr/share/texmf-dist/tex/latex/natbib/natbib.sty
Package: natbib 2009/02/02 8.3 (PWD, AO)
\bibhang=\skip45
\bibsep=\skip46
LaTeX Info: Redefining \cite on input line 694.
\c@NAT@ctr=\count94
)
\splwrite=\write3
\openout3 = `file.spl'.

)
(/usr/share/texmf-dist/tex/latex/amsfonts/amssymb.sty
Package: amssymb 2002/01/22 v2.2d

(/usr/share/texmf-dist/tex/latex/amsfonts/amsfonts.sty
Package: amsfonts 2001/10/25 v2.2f
\@emptytoks=\toks17
\symAMSa=\mathgroup4
\symAMSb=\mathgroup5
LaTeX Font Info:    Overwriting math alphabet `\mathfrak' in version `bold'
(Font)                  U/euf/m/n --> U/euf/b/n on input line 132.
))
(/usr/share/texmf-dist/tex/latex/amsmath/amsmath.sty
Package: amsmath 2000/07/18 v2.13 AMS math features
\@mathmargin=\skip47

For additional information on amsmath, use the `?' option.
(/usr/share/texmf-dist/tex/latex/amsmath/amstext.sty
Package: amstext 2000/06/29 v2.01

(/usr/share/texmf-dist/tex/latex/amsmath/amsgen.sty
File: amsgen.sty 1999/11/30 v2.0
\@emptytoks=\toks18
\ex@=\dimen109
))
(/usr/share/texmf-dist/tex/latex/amsmath/amsbsy.sty
Package: amsbsy 1999/11/29 v1.2d
\pmbraise@=\dimen110
)
(/usr/share/texmf-dist/tex/latex/amsmath/amsopn.sty
Package: amsopn 1999/12/14 v2.01 operator names
)
\inf@bad=\count95
LaTeX Info: Redefining \frac on input line 211.
\uproot@=\count96
\leftroot@=\count97
LaTeX Info: Redefining \overline on input line 307.
\classnum@=\count98
\DOTSCASE@=\count99
LaTeX Info: Redefining \ldots on input line 379.
LaTeX Info: Redefining \dots on input line 382.
LaTeX Info: Redefining \cdots on input line 467.
\Mathstrutbox@=\box30
\strutbox@=\box31
\big@size=\dimen111
LaTeX Font Info:    Redeclaring font encoding OML on input line 567.
LaTeX Font Info:    Redeclaring font encoding OMS on input line 568.
\macc@depth=\count100
\c@MaxMatrixCols=\count101
\dotsspace@=\muskip10
\c@parentequation=\count102
\dspbrk@lvl=\count103
\tag@help=\toks19
\row@=\count104
\column@=\count105
\maxfields@=\count106
\andhelp@=\toks20
\eqnshift@=\dimen112
\alignsep@=\dimen113
\tagshift@=\dimen114
\tagwidth@=\dimen115
\totwidth@=\dimen116
\lineht@=\dimen117
\@envbody=\toks21
\multlinegap=\skip48
\multlinetaggap=\skip49
\mathdisplay@stack=\toks22
LaTeX Info: Redefining \[ on input line 2666.
LaTeX Info: Redefining \] on input line 2667.
)
(/usr/share/texmf-dist/tex/latex/multirow/bigdelim.sty)
(/usr/share/texmf-dist/tex/latex/multirow/multirow.sty
\bigstrutjot=\dimen118
)
(/usr/share/texmf-dist/tex/latex/hyperref/hyperref.sty
Package: hyperref 2009/05/01 v6.78r Hypertext links for LaTeX

(/usr/share/texmf-dist/tex/generic/oberdiek/ifpdf.sty
Package: ifpdf 2009/04/10 v2.0 Provides the ifpdf switch (HO)
Package ifpdf Info: pdfTeX in pdf mode detected.
)
(/usr/share/texmf-dist/tex/generic/oberdiek/ifvtex.sty
Package: ifvtex 2008/11/04 v1.4 Switches for detecting VTeX and its modes (HO)
Package ifvtex Info: VTeX not detected.
)
(/usr/share/texmf-dist/tex/generic/ifxetex/ifxetex.sty
Package: ifxetex 2009/01/23 v0.5 Provides ifxetex conditional
)
(/usr/share/texmf-dist/tex/latex/oberdiek/hycolor.sty
Package: hycolor 2008/09/08 v1.4 Code for color options of hyperref/bookmark (H
O)

(/usr/share/texmf-dist/tex/latex/oberdiek/xcolor-patch.sty
Package: xcolor-patch 2008/09/08 xcolor patch
))
\@linkdim=\dimen119
\Hy@linkcounter=\count107
\Hy@pagecounter=\count108

(/usr/share/texmf-dist/tex/latex/hyperref/pd1enc.def
File: pd1enc.def 2009/05/01 v6.78r Hyperref: PDFDocEncoding definition (HO)
)
(/usr/share/texmf-dist/tex/generic/oberdiek/etexcmds.sty
Package: etexcmds 2007/12/12 v1.2 Prefix for e-TeX command names (HO)

(/usr/share/texmf-dist/tex/generic/oberdiek/infwarerr.sty
Package: infwarerr 2007/09/09 v1.2 Providing info/warning/message (HO)
)
Package etexcmds Info: Could not find \expanded.
(etexcmds)             That can mean that you are not using pdfTeX 1.50 or
(etexcmds)             that some package has redefined \expanded.
(etexcmds)             In the latter case, load this package earlier.
)
(/usr/share/texmf/tex/latex/config/hyperref.cfg
File: hyperref.cfg 2002/06/06 v1.2 hyperref configuration of TeXLive
)
(/usr/share/texmf-dist/tex/latex/oberdiek/kvoptions.sty
Package: kvoptions 2009/04/10 v3.1 Keyval support for LaTeX options (HO)
)
Package hyperref Info: Hyper figures OFF on input line 2953.
Package hyperref Info: Link nesting OFF on input line 2958.
Package hyperref Info: Hyper index ON on input line 2961.
Package hyperref Info: Plain pages OFF on input line 2968.
Package hyperref Info: Backreferencing OFF on input line 2973.

Implicit mode ON; LaTeX internals redefined
Package hyperref Info: Bookmarks ON on input line 3163.
(/usr/share/texmf-dist/tex/latex/ltxmisc/url.sty
\Urlmuskip=\muskip11
Package: url 2006/04/12  ver 3.3  Verb mode for urls, etc.
)
LaTeX Info: Redefining \url on input line 3400.

(/usr/share/texmf-dist/tex/generic/oberdiek/bitset.sty
Package: bitset 2007/09/28 v1.0 Data type bit set (HO)

(/usr/share/texmf-dist/tex/generic/oberdiek/intcalc.sty
Package: intcalc 2007/09/27 v1.1 Expandable integer calculations (HO)
)
(/usr/share/texmf-dist/tex/generic/oberdiek/bigintcalc.sty
Package: bigintcalc 2007/11/11 v1.1 Expandable big integer calculations (HO)

(/usr/share/texmf-dist/tex/generic/oberdiek/pdftexcmds.sty
Package: pdftexcmds 2009/04/10 v0.4 LuaTeX support for pdfTeX utility functions
 (HO)

(/usr/share/texmf-dist/tex/generic/oberdiek/ifluatex.sty
Package: ifluatex 2009/04/10 v1.1 Provides the ifluatex switch (HO)
Package ifluatex Info: LuaTeX not detected.
)
Package pdftexcmds Info: LuaTeX not detected on input line 145.
)))
(/usr/share/texmf-dist/tex/generic/oberdiek/kvsetkeys.sty
Package: kvsetkeys 2007/09/29 v1.3 Key value parser with default handler suppor
t (HO)
)
\Fld@menulength=\count109
\Field@Width=\dimen120
\Fld@charsize=\dimen121
\Field@toks=\toks23
Package hyperref Info: Hyper figures OFF on input line 4317.
Package hyperref Info: Link nesting OFF on input line 4322.
Package hyperref Info: Hyper index ON on input line 4325.
Package hyperref Info: backreferencing OFF on input line 4332.
Package hyperref Info: Link coloring OFF on input line 4337.
Package hyperref Info: Link coloring with OCG OFF on input line 4342.
Package hyperref Info: PDF/A mode OFF on input line 4347.

(/usr/share/texmf-dist/tex/generic/oberdiek/atbegshi.sty
Package: atbegshi 2008/07/31 v1.9 At begin shipout hook (HO)
)
\Hy@abspage=\count110
\c@Item=\count111
\c@Hfootnote=\count112
)
*hyperref using default driver hpdftex*
(/usr/share/texmf-dist/tex/latex/hyperref/hpdftex.def
File: hpdftex.def 2009/05/01 v6.78r Hyperref driver for pdfTeX
\Fld@listcount=\count113
)
(/usr/share/texmf-dist/tex/latex/algorithms/algorithm.sty
Package: algorithm 

Document Style `algorithm' - floating environment
(/usr/share/texmf-dist/tex/latex/float/float.sty
Package: float 2001/11/08 v1.3d Float enhancements (AL)
\c@float@type=\count114
\float@exts=\toks24
\float@box=\box32
\@float@everytoks=\toks25
\@floatcapt=\box33
)
(/usr/share/texmf-dist/tex/latex/base/ifthen.sty
Package: ifthen 2001/05/26 v1.1c Standard LaTeX ifthen package (DPC)
)
\@float@every@algorithm=\toks26
\c@algorithm=\count115
)
(/usr/share/texmf-dist/tex/latex/algorithms/algorithmic.sty
Package: algorithmic 2006/06/02

Document Style `algorithmic' - environment
(/usr/share/texmf-dist/tex/latex/tools/calc.sty
Package: calc 2005/08/06 v4.2 Infix arithmetic (KKT,FJ)
\calc@Acount=\count116
\calc@Bcount=\count117
\calc@Adimen=\dimen122
\calc@Bdimen=\dimen123
\calc@Askip=\skip50
\calc@Bskip=\skip51
LaTeX Info: Redefining \setlength on input line 75.
LaTeX Info: Redefining \addtolength on input line 76.
\calc@Ccount=\count118
\calc@Cskip=\skip52
)
\c@ALC@line=\count119
\c@ALC@rem=\count120
\c@ALC@depth=\count121
\ALC@tlm=\skip53
\algorithmicindent=\skip54
)
(/usr/share/texmf-dist/tex/latex/subfigure/subfigure.sty
Package: subfigure 2002/03/15 v2.1.5 subfigure package
\subfigtopskip=\skip55
\subfigcapskip=\skip56
\subfigcaptopadj=\dimen124
\subfigbottomskip=\skip57
\subfigcapmargin=\dimen125
\subfiglabelskip=\skip58
\c@subfigure=\count122
\c@lofdepth=\count123
\c@subtable=\count124
\c@lotdepth=\count125

****************************************
* Local config file subfigure.cfg used *
****************************************
(/usr/share/texmf-dist/tex/latex/subfigure/subfigure.cfg)
\subfig@top=\skip59
\subfig@bottom=\skip60
)
(/usr/share/texmf-dist/tex/latex/booktabs/booktabs.sty
Package: booktabs 2005/04/14 v1.61803 publication quality tables
\heavyrulewidth=\dimen126
\lightrulewidth=\dimen127
\cmidrulewidth=\dimen128
\belowrulesep=\dimen129
\belowbottomsep=\dimen130
\aboverulesep=\dimen131
\abovetopsep=\dimen132
\cmidrulesep=\dimen133
\cmidrulekern=\dimen134
\defaultaddspace=\dimen135
\@cmidla=\count126
\@cmidlb=\count127
\@aboverulesep=\dimen136
\@belowrulesep=\dimen137
\@thisruleclass=\count128
\@lastruleclass=\count129
\@thisrulewidth=\dimen138
)
\c@definition=\count130
 (./file.aux)
\openout1 = `file.aux'.

LaTeX Font Info:    Checking defaults for OML/cmm/m/it on input line 20.
LaTeX Font Info:    ... okay on input line 20.
LaTeX Font Info:    Checking defaults for T1/cmr/m/n on input line 20.
LaTeX Font Info:    ... okay on input line 20.
LaTeX Font Info:    Checking defaults for OT1/cmr/m/n on input line 20.
LaTeX Font Info:    ... okay on input line 20.
LaTeX Font Info:    Checking defaults for OMS/cmsy/m/n on input line 20.
LaTeX Font Info:    ... okay on input line 20.
LaTeX Font Info:    Checking defaults for OMX/cmex/m/n on input line 20.
LaTeX Font Info:    ... okay on input line 20.
LaTeX Font Info:    Checking defaults for U/cmr/m/n on input line 20.
LaTeX Font Info:    ... okay on input line 20.
LaTeX Font Info:    Checking defaults for PD1/pdf/m/n on input line 20.
LaTeX Font Info:    ... okay on input line 20.

(/usr/share/texmf-dist/tex/context/base/supp-pdf.tex
[Loading MPS to PDF converter (version 2006.09.02).]
\scratchcounter=\count131
\scratchdimen=\dimen139
\scratchbox=\box34
\nofMPsegments=\count132
\nofMParguments=\count133
\everyMPshowfont=\toks27
\MPscratchCnt=\count134
\MPscratchDim=\dimen140
\MPnumerator=\count135
\everyMPtoPDFconversion=\toks28
)
Package hyperref Info: Link coloring OFF on input line 20.
 (/usr/share/texmf-dist/tex/latex/hyperref/nameref.sty
Package: nameref 2007/05/29 v2.31 Cross-referencing by name of section

(/usr/share/texmf-dist/tex/latex/oberdiek/refcount.sty
Package: refcount 2008/08/11 v3.1 Data extraction from references (HO)
)
\c@section@level=\count136
)
LaTeX Info: Redefining \ref on input line 20.
LaTeX Info: Redefining \pageref on input line 20.
 (./file.out)
(./file.out)
\@outlinefile=\write4
\openout4 = `file.out'.

\AtBeginShipoutBox=\box35
Missing character: There is no ‚ in font cmr10!
Missing character: There is no Ä in font cmr10!
Missing character: There is no ú in font cmr10!
Missing character: There is no ‚ in font cmr10!
Missing character: There is no Ä in font cmr10!
Missing character: There is no ù in font cmr10!
LaTeX Font Info:    Try loading font information for U+msa on input line 70.
 (/usr/share/texmf-dist/tex/latex/amsfonts/umsa.fd
File: umsa.fd 2002/01/19 v2.2g AMS font definitions
)
LaTeX Font Info:    Try loading font information for U+msb on input line 70.

(/usr/share/texmf-dist/tex/latex/amsfonts/umsb.fd
File: umsb.fd 2002/01/19 v2.2g AMS font definitions
)
Missing character: There is no ‚ in font cmr10!
Missing character: There is no Ä in font cmr10!
Missing character: There is no ú in font cmr10!
Missing character: There is no ‚ in font cmr10!
Missing character: There is no Ä in font cmr10!
Missing character: There is no ù in font cmr10!
 [1


{/home/fox/.texlive/texmf-var/fonts/map/pdftex/updmap/pdftex.map}]
Missing character: There is no Ô in font cmr10!
Missing character: There is no º in font cmr10!
Missing character: There is no å in font cmr10!
Missing character: There is no Ô in font cmr10!
Missing character: There is no ¨ in font cmr10!
Missing character: There is no Å in font cmr10!
Missing character: There is no Ô in font cmr10!
Missing character: There is no ¨ in font cmr10!
Missing character: There is no Å in font cmr10!

Overfull \hbox (4.12912pt too wide) in paragraph at lines 101--119
[][]\OT1/cmr/m/n/10 Topics and users con-sti-tute Wikipedia. A topic is a con-t
ent en-try of Wikipedia
 []

Missing character: There is no ‚ in font cmr10!
Missing character: There is no Ä in font cmr10!
Missing character: There is no ô in font cmr10!
[2] <01.jpg, id=112, 372.39125pt x 205.76875pt>
File: 01.jpg Graphic file (type jpg)
 <use 01.jpg> [3pdfTeX warning (ext4): destination with the same identifier (na
me{figure.1}) has been already used, duplicate ignored

\AtBegShi@Output ...ipout \box \AtBeginShipoutBox 
                                                  \fi \fi 
l.182 \begin{displaymath}
                          <./01.jpg>]
Missing character: There is no ‚ in font cmr10!
Missing character: There is no Ä in font cmr10!
Missing character: There is no ú in font cmr10!
Missing character: There is no ‚ in font cmr10!
Missing character: There is no Ä in font cmr10!
Missing character: There is no ù in font cmr10!
 [4]
Underfull \hbox (badness 10000) in paragraph at lines 283--283
[][]\OT1/cmr/m/n/10 Average
 []


Underfull \hbox (badness 10000) in paragraph at lines 283--283
[]\OT1/cmr/m/n/10 Clustering
 []

Missing character: There is no √ in font cmr10!
Missing character: There is no ° in font cmr10!
<02-1.jpg, id=135, 845.559pt x 597.432pt>
File: 02-1.jpg Graphic file (type jpg)
 <use 02-1.jpg>
<02-2.jpg, id=136, 845.559pt x 597.432pt>
File: 02-2.jpg Graphic file (type jpg)
 <use 02-2.jpg>
<02-3.jpg, id=137, 845.559pt x 597.432pt>
File: 02-3.jpg Graphic file (type jpg)
 <use 02-3.jpg>
<02-4.jpg, id=138, 845.559pt x 597.432pt>
File: 02-4.jpg Graphic file (type jpg)
 <use 02-4.jpg>
<02-5.jpg, id=139, 845.559pt x 597.432pt>
File: 02-5.jpg Graphic file (type jpg)
 <use 02-5.jpg>
<02-6.jpg, id=140, 845.559pt x 597.432pt>
File: 02-6.jpg Graphic file (type jpg)
 <use 02-6.jpg>
<02-7.jpg, id=141, 845.559pt x 597.432pt>
File: 02-7.jpg Graphic file (type jpg)
 <use 02-7.jpg>
<02-8.jpg, id=142, 845.559pt x 597.432pt>
File: 02-8.jpg Graphic file (type jpg)
 <use 02-8.jpg> [5] [6pdfTeX warning (ext4): destination with the same identifi
er (name{table.1}) has been already used, duplicate ignored

\AtBegShi@Output ...ipout \box \AtBeginShipoutBox 
                                                  \fi \fi 
l.388 
      ] [7pdfTeX warning (ext4): destination with the same identifier (name{fig
ure.2}) has been already used, duplicate ignored

\AtBegShi@Output ...ipout \box \AtBeginShipoutBox 
                                                  \fi \fi 
l.388 
       <./02-1.jpg> <./02-2.jpg> <./02-3.jpg> <./02-4.jpg> <./02-5.jpg> <./02-6
.jpg> <./02-7.jpg> <./02-8.jpg>]
Missing character: There is no ‚ in font cmr10!
Missing character: There is no Ä in font cmr10!
Missing character: There is no ú in font cmr10!
Missing character: There is no ‚ in font cmr10!
Missing character: There is no Ä in font cmr10!
Missing character: There is no ù in font cmr10!
Missing character: There is no ‚ in font cmr10!
Missing character: There is no Ä in font cmr10!
Missing character: There is no ú in font cmr10!
Missing character: There is no ‚ in font cmr10!
Missing character: There is no Ä in font cmr10!
Missing character: There is no ù in font cmr10!
Missing character: There is no ‚ in font cmr10!
Missing character: There is no Ä in font cmr10!
Missing character: There is no ú in font cmr10!
Missing character: There is no ‚ in font cmr10!
Missing character: There is no Ä in font cmr10!
Missing character: There is no ù in font cmr10!
Missing character: There is no ‚ in font cmr10!
Missing character: There is no Ä in font cmr10!
Missing character: There is no ú in font cmr10!
Missing character: There is no ‚ in font cmr10!
Missing character: There is no Ä in font cmr10!
Missing character: There is no ù in font cmr10!
Missing character: There is no ‚ in font cmr10!
Missing character: There is no Ä in font cmr10!
Missing character: There is no ú in font cmr10!
Missing character: There is no ‚ in font cmr10!
Missing character: There is no Ä in font cmr10!
Missing character: There is no ù in font cmr10!
 <03.jpg, id=176, 845.559pt x 597.432pt>
File: 03.jpg Graphic file (type jpg)

<use 03.jpg>
Missing character: There is no ‚ in font cmr10!
Missing character: There is no Ä in font cmr10!
Missing character: There is no ú in font cmr10!
Missing character: There is no ‚ in font cmr10!
Missing character: There is no Ä in font cmr10!
Missing character: There is no ù in font cmr10!
Missing character: There is no ‚ in font cmr10!
Missing character: There is no Ä in font cmr10!
Missing character: There is no ú in font cmr10!
Missing character: There is no ‚ in font cmr10!
Missing character: There is no Ä in font cmr10!
Missing character: There is no ù in font cmr10!

Overfull \hbox (0.63013pt too wide) in paragraph at lines 420--433
[][]\OT1/cmr/m/n/10 The change curve of av-er-age de-gree over time is shown in
 Fig-ure []3[]. Obviously,
 []

Missing character: There is no ‚ in font cmr10!
Missing character: There is no Ä in font cmr10!
Missing character: There is no ô in font cmr10!
[8] <04.jpg, id=183, 845.559pt x 597.432pt>
File: 04.jpg Graphic file (type jpg)
 <use 04.jpg>
Missing character: There is no ‚ in font cmr10!
Missing character: There is no Ä in font cmr10!
Missing character: There is no ô in font cmr10!
 [9pdfTeX warning (ext4): destination with the same identifier (name{figure.3})
 has been already used, duplicate ignored

\AtBegShi@Output ...ipout \box \AtBeginShipoutBox 
                                                  \fi \fi 
l.472 
      pdfTeX warning (ext4): destination with the same identifier (name{figure.
4}) has been already used, duplicate ignored

\AtBegShi@Output ...ipout \box \AtBeginShipoutBox 
                                                  \fi \fi 
l.472 
       <./03.jpg> <./04.jpg>]
Missing character: There is no ‚ in font cmti10!
Missing character: There is no Ä in font cmti10!
Missing character: There is no ú in font cmti10!
Missing character: There is no ‚ in font cmti10!
Missing character: There is no Ä in font cmti10!
Missing character: There is no ù in font cmti10!
 [10pdfTeX warning (ext4): destination with the same identifier (name{table.2})
 has been already used, duplicate ignored

\AtBegShi@Output ...ipout \box \AtBeginShipoutBox 
                                                  \fi \fi 
l.529 
      ]
Missing character: There is no ‚ in font cmr10!
Missing character: There is no Ä in font cmr10!
Missing character: There is no ô in font cmr10!
Missing character: There is no ‚ in font cmr10!
Missing character: There is no Ä in font cmr10!
Missing character: There is no ô in font cmr10!
Missing character: There is no ‚ in font cmr10!
Missing character: There is no Ä in font cmr10!
Missing character: There is no ô in font cmr10!
 <05-1.jpg, id=202, 845.559pt x 597.432pt>
File: 05-1.jpg Graphic file (type jpg)
 <use 05-1.jpg>
<05-2.jpg, id=203, 845.559pt x 597.432pt>
File: 05-2.jpg Graphic file (type jpg)
 <use 05-2.jpg>
<05-3.jpg, id=204, 845.559pt x 597.432pt>
File: 05-3.jpg Graphic file (type jpg)
 <use 05-3.jpg>
<05-4.jpg, id=205, 845.559pt x 597.432pt>
File: 05-4.jpg Graphic file (type jpg)
 <use 05-4.jpg>
<05-5.jpg, id=206, 845.559pt x 597.432pt>
File: 05-5.jpg Graphic file (type jpg)
 <use 05-5.jpg>
<05-6.jpg, id=207, 845.559pt x 597.432pt>
File: 05-6.jpg Graphic file (type jpg)
 <use 05-6.jpg>
Overfull \hbox (1.44511pt too wide) in paragraph at lines 577--582
\OT1/cmr/m/n/10 one-dimensional net-works, in-ter-act-ing more and col-lab-o-ra
t-ing more among users.
 []

<06-1.jpg, id=216, 845.559pt x 597.432pt>
File: 06-1.jpg Graphic file (type jpg)
 <use 06-1.jpg>
<06-2.jpg, id=217, 845.559pt x 597.432pt>
File: 06-2.jpg Graphic file (type jpg)
 <use 06-2.jpg>
<06-3.jpg, id=218, 845.559pt x 597.432pt>
File: 06-3.jpg Graphic file (type jpg)
 <use 06-3.jpg>
<06-4.jpg, id=219, 845.559pt x 597.432pt>
File: 06-4.jpg Graphic file (type jpg)
 <use 06-4.jpg>
<06-5.jpg, id=220, 845.559pt x 597.432pt>
File: 06-5.jpg Graphic file (type jpg)
 <use 06-5.jpg>
<06-6.jpg, id=221, 845.559pt x 597.432pt>
File: 06-6.jpg Graphic file (type jpg)
 <use 06-6.jpg>
<06-7.jpg, id=222, 845.559pt x 597.432pt>
File: 06-7.jpg Graphic file (type jpg)
 <use 06-7.jpg>
<06-8.jpg, id=223, 845.559pt x 597.432pt>
File: 06-8.jpg Graphic file (type jpg)
 <use 06-8.jpg>
Missing character: There is no ‚ in font cmr10!
Missing character: There is no Ä in font cmr10!
Missing character: There is no ú in font cmr10!
Missing character: There is no ‚ in font cmr10!
Missing character: There is no Ä in font cmr10!
Missing character: There is no ù in font cmr10!
Missing character: There is no ‚ in font cmr10!
Missing character: There is no Ä in font cmr10!
Missing character: There is no ú in font cmr10!
Missing character: There is no ‚ in font cmr10!
Missing character: There is no Ä in font cmr10!
Missing character: There is no ù in font cmr10!
 [11] [12pdfTeX warning (ext4): destination with the same identifier (name{figu
re.5}) has been already used, duplicate ignored

\AtBegShi@Output ...ipout \box \AtBeginShipoutBox 
                                                  \fi \fi 
l.651 \subsection
                 {The study of topic size} <./05-1.jpg> <./05-2.jpg> <./05-3.jp
g> <./05-4.jpg> <./05-5.jpg> <./05-6.jpg>] [13pdfTeX warning (ext4): destinatio
n with the same identifier (name{figure.6}) has been already used, duplicate ig
nored

\AtBegShi@Output ...ipout \box \AtBeginShipoutBox 
                                                  \fi \fi 
l.651 \subsection
                 {The study of topic size} <./06-1.jpg> <./06-2.jpg> <./06-3.jp
g> <./06-4.jpg> <./06-5.jpg> <./06-6.jpg> <./06-7.jpg> <./06-8.jpg>]
<07-1.jpg, id=259, 845.559pt x 597.432pt>
File: 07-1.jpg Graphic file (type jpg)
 <use 07-1.jpg>
<07-2.jpg, id=260, 845.559pt x 597.432pt>
File: 07-2.jpg Graphic file (type jpg)
 <use 07-2.jpg>
<07-3.jpg, id=261, 845.559pt x 597.432pt>
File: 07-3.jpg Graphic file (type jpg)
 <use 07-3.jpg>
<07-4.jpg, id=262, 845.559pt x 597.432pt>
File: 07-4.jpg Graphic file (type jpg)
 <use 07-4.jpg>
<07-5.jpg, id=263, 845.559pt x 597.432pt>
File: 07-5.jpg Graphic file (type jpg)
 <use 07-5.jpg>
<07-6.jpg, id=264, 845.559pt x 597.432pt>
File: 07-6.jpg Graphic file (type jpg)
 <use 07-6.jpg>
<07-7.jpg, id=265, 845.559pt x 597.432pt>
File: 07-7.jpg Graphic file (type jpg)
 <use 07-7.jpg>
<07-8.jpg, id=266, 845.559pt x 597.432pt>
File: 07-8.jpg Graphic file (type jpg)
 <use 07-8.jpg>
Missing character: There is no ‚ in font cmr10!
Missing character: There is no Ä in font cmr10!
Missing character: There is no ú in font cmr10!
Missing character: There is no ‚ in font cmr10!
Missing character: There is no Ä in font cmr10!
Missing character: There is no ù in font cmr10!

<08.jpg, id=269, 845.559pt x 597.432pt>
File: 08.jpg Graphic file (type jpg)
 <use 08.jpg> [14] [15pdfTeX warning (ext4): destination with the same identifi
er (name{figure.7}) has been already used, duplicate ignored

\AtBegShi@Output ...ipout \box \AtBeginShipoutBox 
                                                  \fi \fi 
l.745 \end{equation}
                     <./07-1.jpg> <./07-2.jpg> <./07-3.jpg> <./07-4.jpg> <./07-
5.jpg> <./07-6.jpg> <./07-7.jpg> <./07-8.jpg>]
<09.jpg, id=289, 845.559pt x 597.432pt>
File: 09.jpg Graphic file (type jpg)
 <use 09.jpg>
Missing character: There is no Ô in font cmr8!
Missing character: There is no º in font cmr8!
Missing character: There is no à in font cmr8!
Missing character: There is no Ô in font cmr8!
Missing character: There is no º in font cmr8!
Missing character: There is no â in font cmr8!
Missing character: There is no Ô in font cmr8!
Missing character: There is no º in font cmr8!
Missing character: There is no à in font cmr8!
Missing character: There is no Ô in font cmr8!
Missing character: There is no º in font cmr8!
Missing character: There is no â in font cmr8!
Missing character: There is no ‚ in font cmr10!
Missing character: There is no Ä in font cmr10!
Missing character: There is no ô in font cmr10!

<10.jpg, id=293, 845.559pt x 597.432pt>
File: 10.jpg Graphic file (type jpg)
 <use 10.jpg> [16pdfTeX warning (ext4): destination with the same identifier (n
ame{figure.8}) has been already used, duplicate ignored

\AtBegShi@Output ...ipout \box \AtBeginShipoutBox 
                                                  \fi \fi 
l.794 
       <./08.jpg>] [17pdfTeX warning (ext4): destination with the same identifi
er (name{figure.9}) has been already used, duplicate ignored

\AtBegShi@Output ...ipout \box \AtBeginShipoutBox 
                                                  \fi \fi 
l.794 
      pdfTeX warning (ext4): destination with the same identifier (name{figure.
10}) has been already used, duplicate ignored

\AtBegShi@Output ...ipout \box \AtBeginShipoutBox 
                                                  \fi \fi 
l.794 
       <./09.jpg> <./10.jpg>]
Missing character: There is no Ô in font cmr10!
Missing character: There is no º in font cmr10!
Missing character: There is no à in font cmr10!
Missing character: There is no Ô in font cmr10!
Missing character: There is no º in font cmr10!
Missing character: There is no â in font cmr10!
Missing character: There is no ‚ in font cmr10!
Missing character: There is no Ä in font cmr10!
Missing character: There is no ô in font cmr10!
Missing character: There is no ‚ in font cmr10!
Missing character: There is no Ä in font cmr10!
Missing character: There is no ú in font cmr10!
Missing character: There is no ‚ in font cmr10!
Missing character: There is no Ä in font cmr10!
Missing character: There is no ù in font cmr10!
 [18]
Missing character: There is no √ in font cmr10!
Missing character: There is no ° in font cmr10!

Underfull \hbox (badness 10000) in paragraph at lines 867--874
\OT1/cmr/m/n/10 URL []$\OT1/cmtt/m/n/10 http : / / www . citebase . org / abstr
act ? id = oai : arXiv . org :
 []


Underfull \hbox (badness 10000) in paragraph at lines 883--888
\OT1/cmr/m/n/10 URL []$\OT1/cmtt/m/n/10 http : / / www . citebase . org / abstr
act ? id = oai : arXiv . org :
 []

[19]
Underfull \hbox (badness 10000) in paragraph at lines 922--929
\OT1/cmr/m/n/10 URL []$\OT1/cmtt/m/n/10 http : / / www . citebase . org / abstr
act ? id = oai : arXiv . org :
 []

[20] (./file.aux) ) 
Here is how much of TeX's memory you used:
 6442 strings out of 493886
 87375 string characters out of 1155675
 174118 words of memory out of 3000000
 9446 multiletter control sequences out of 10000+50000
 11127 words of font info for 43 fonts, out of 3000000 for 5000
 714 hyphenation exceptions out of 8191
 37i,10n,36p,1590b,468s stack positions out of 5000i,500n,10000p,200000b,50000s
</usr/share/texmf-dist/fonts/type1/bluesky/cm/cmbx10.pfb></u
sr/share/texmf-dist/fonts/type1/bluesky/cm/cmex10.pfb></usr/share/texmf-dist/fo
nts/type1/bluesky/cm/cmmi10.pfb></usr/share/texmf-dist/fonts/type1/bluesky/cm/c
mmi5.pfb></usr/share/texmf-dist/fonts/type1/bluesky/cm/cmmi7.pfb></usr/share/te
xmf-dist/fonts/type1/bluesky/cm/cmr10.pfb></usr/share/texmf-dist/fonts/type1/bl
uesky/cm/cmr12.pfb></usr/share/texmf-dist/fonts/type1/bluesky/cm/cmr6.pfb></usr
/share/texmf-dist/fonts/type1/bluesky/cm/cmr7.pfb></usr/share/texmf-dist/fonts/
type1/bluesky/cm/cmr8.pfb></usr/share/texmf-dist/fonts/type1/bluesky/cm/cmsy10.
pfb></usr/share/texmf-dist/fonts/type1/bluesky/cm/cmsy6.pfb></usr/share/texmf-d
ist/fonts/type1/bluesky/cm/cmsy7.pfb></usr/share/texmf-dist/fonts/type1/bluesky
/cm/cmti10.pfb></usr/share/texmf-dist/fonts/type1/bluesky/cm/cmti7.pfb></usr/sh
are/texmf-dist/fonts/type1/bluesky/cm/cmti8.pfb></usr/share/texmf-dist/fonts/ty
pe1/bluesky/cm/cmtt10.pfb></usr/share/texmf-dist/fonts/type1/bluesky/cm/cmtt8.p
fb></usr/share/texmf-dist/fonts/type1/bluesky/ams/msbm10.pfb>
Output written on file.pdf (20 pages, 9565099 bytes).
PDF statistics:
 418 PDF objects out of 1000 (max. 8388607)
 110 named destinations out of 1000 (max. 131072)
 305 words of extra memory for PDF output out of 10000 (max. 10000000)

