This is XeTeX, Version 3.1415926-2.2-0.9995.2 (TeX Live 2009/Arch Linux) (format=xelatex 2010.1.22)  11 OCT 2010 13:12
entering extended mode
 restricted \write18 enabled.
 %&-line parsing enabled.
**master
(./master.tex
LaTeX2e <2009/09/24>
Babel <v3.8l> and hyphenation patterns for english, usenglishmax, dumylang, noh
yphenation, german-x-2009-06-19, ngerman-x-2009-06-19, ancientgreek, ibycus, ar
abic, basque, bulgarian, catalan, pinyin, coptic, croatian, czech, danish, dutc
h, esperanto, estonian, farsi, finnish, french, galician, german, ngerman, mono
greek, greek, hungarian, icelandic, indonesian, interlingua, irish, italian, ku
rmanji, latin, latvian, lithuanian, mongolian, mongolian2a, bokmal, nynorsk, po
lish, portuguese, romanian, russian, sanskrit, serbian, slovak, slovenian, span
ish, swedish, turkish, ukenglish, ukrainian, uppersorbian, welsh, loaded.
(/usr/share/texmf-dist/tex/latex/ctex/ctexbook.cls
Document Class: ctexbook 2009/10/20 v0.95 ctexbook document class
(/usr/share/texmf-dist/tex/latex/ctex/opt/ctex-common-opts.def)
(/usr/share/texmf-dist/tex/latex/ctex/opt/ctex-caption-opts.def
\c@CTEX@sectiondepth=\count80
)
(/usr/share/texmf-dist/tex/latex/ctex/opt/ctex-class-opts.def)
(/usr/share/texmf-dist/tex/latex/ctex/def/ctex-loadclass.def
(/usr/share/texmf-dist/tex/latex/base/book.cls
Document Class: book 2007/10/19 v1.4h Standard LaTeX document class
(/usr/share/texmf-dist/tex/latex/base/bk12.clo
File: bk12.clo 2007/10/19 v1.4h Standard LaTeX file (size option)
)
\c@part=\count81
\c@chapter=\count82
\c@section=\count83
\c@subsection=\count84
\c@subsubsection=\count85
\c@paragraph=\count86
\c@subparagraph=\count87
\c@figure=\count88
\c@table=\count89
\abovecaptionskip=\skip41
\belowcaptionskip=\skip42
\bibindent=\dimen102
))
(/usr/share/texmf-dist/tex/latex/ctex/def/ctex-common.def
(/usr/share/texmf-dist/tex/generic/oberdiek/ifpdf.sty
Package: ifpdf 2009/04/10 v2.0 Provides the ifpdf switch (HO)
Package ifpdf Info: pdfTeX in pdf mode not detected.
)
(/usr/share/texmf-dist/tex/generic/ifxetex/ifxetex.sty
Package: ifxetex 2009/01/23 v0.5 Provides ifxetex conditional
)
(/usr/share/texmf-dist/tex/latex/graphics/keyval.sty
Package: keyval 1999/03/16 v1.13 key=value parser (DPC)
\KV@toks@=\toks14
)
(/usr/share/texmf-dist/tex/latex/tools/indentfirst.sty
Package: indentfirst 1995/11/23 v1.03 Indent first paragraph (DPC)
)
(/usr/share/texmf-dist/tex/latex/base/fix-cm.sty
Package: fix-cm 2006/09/13 v1.1m fixes to LaTeX

(/usr/share/texmf-dist/tex/latex/base/ts1enc.def
File: ts1enc.def 2001/06/05 v3.0e (jk/car/fm) Standard LaTeX file
))
(/usr/share/texmf-dist/tex/latex/ctex/engine/ctex-xecjk-engine.def
(/usr/share/texmf-dist/tex/xelatex/xecjk/xeCJK.sty
Package: xeCJK 2009/09/30 2.3.10

(/usr/share/texmf-dist/tex/xelatex/fontspec/fontspec.sty
Package: fontspec 2008/08/09 v1.18 Advanced font selection for XeLaTeX
\c@zf@newff=\count90
\c@zf@index=\count91
\c@zf@script=\count92
\c@zf@language=\count93

(/usr/share/texmf-dist/tex/latex/tools/calc.sty
Package: calc 2007/08/22 v4.3 Infix arithmetic (KKT,FJ)
\calc@Acount=\count94
\calc@Bcount=\count95
\calc@Adimen=\dimen103
\calc@Bdimen=\dimen104
\calc@Askip=\skip43
\calc@Bskip=\skip44
LaTeX Info: Redefining \setlength on input line 76.
LaTeX Info: Redefining \addtolength on input line 77.
\calc@Ccount=\count96
\calc@Cskip=\skip45
)
(/usr/share/texmf-dist/tex/latex/xkeyval/xkeyval.sty
Package: xkeyval 2008/08/13 v2.6a package option processing (HA)

(/usr/share/texmf-dist/tex/generic/xkeyval/xkeyval.tex
\XKV@toks=\toks15
\XKV@tempa@toks=\toks16
\XKV@depth=\count97
File: xkeyval.tex 2008/08/13 v2.6a key=value parser (HA)
))
(/usr/share/texmf-dist/tex/latex/base/fontenc.sty
Package: fontenc 2005/09/27 v1.99g Standard LaTeX package

(/usr/share/texmf-dist/tex/xelatex/euenc/eu1enc.def
File: eu1enc.def 2008/03/08 v0.1d Experimental unicode font encoding
)
LaTeX Font Info:    Try loading font information for EU1+lmr on input line 100.


(/usr/share/texmf-dist/tex/xelatex/euenc/eu1lmr.fd
File: eu1lmr.fd 2007/01/14 v1.3 Font defs for Latin Modern
))
LaTeX Info: Redefining \itshape on input line 1163.
LaTeX Info: Redefining \slshape on input line 1166.
LaTeX Info: Redefining \scshape on input line 1169.
LaTeX Info: Redefining \upshape on input line 1172.

fontspec.cfg loaded.
(/usr/share/texmf-dist/tex/xelatex/fontspec/fontspec.cfg))
\xeCJK@cnta=\count98
\xeCJK@cntb=\count99
\xeCJK@cntc=\count100
\xeCJK@cntd=\count101
\xeCJK@cnte=\count102
\xeCJK@dima=\dimen105
LaTeX Info: Redefining \rmfamily on input line 762.
LaTeX Info: Redefining \sffamily on input line 766.
LaTeX Info: Redefining \ttfamily on input line 770.
\xeCJK@featureadded=\count103
)
(/usr/share/texmf-dist/tex/latex/ctex/engine/ctex-cjk-common.def
\ccwd=\dimen106
)
(/usr/share/texmf-dist/tex/latex/ctex/fontset/ctex-xecjk-adobefonts.def
\c@zf@famc@Adobe Song Std=\count104
Package fontspec Info: Defining font family for 'Adobe Song Std'with options [M
apping=tex-text,BoldFont=Adobe Heiti Std,ItalicFont=Adobe Kaiti Std] on input l
ine 5.
Package fontspec Info: Could not resolve font Adobe Heiti Std/I (it might not e
xist) on input line 5.
LaTeX Info: Redefining \xeCJK@font@rm on input line 5.
\c@zf@famc@Adobe Heiti Std=\count105
Package fontspec Info: Defining font family for 'Adobe Heiti Std'with options [
Mapping=tex-text,BoldFont={Adobe Heiti Std},BoldFeatures={RawFeature={embolden=
4}}] on input line 6.
Package fontspec Info: Could not resolve font Adobe Heiti Std/I (it might not e
xist) on input line 6.
Package fontspec Info: Could not resolve font Adobe Heiti Std/I (it might not e
xist) on input line 6.
\c@zf@famc@Adobe Fangsong Std=\count106
Package fontspec Info: Defining font family for 'Adobe Fangsong Std'with option
s [Mapping=tex-text,BoldFont={Adobe Fangsong Std},BoldFeatures={RawFeature={emb
olden=4}}] on input line 7.
Package fontspec Info: Could not resolve font Adobe Fangsong Std/I (it might no
t exist) on input line 7.
Package fontspec Info: Could not resolve font Adobe Fangsong Std/I (it might no
t exist) on input line 7.
Package fontspec Info: Defining font family for 'Adobe Song Std'with options [M
apping=tex-text,BoldFont={Adobe Song Std},BoldFeatures={RawFeature={embolden=4}
}] on input line 9.
Package fontspec Info: Could not resolve font Adobe Song Std/I (it might not ex
ist) on input line 9.
Package fontspec Info: Could not resolve font Adobe Song Std/I (it might not ex
ist) on input line 9.
\c@zf@famc@Adobe Kaiti Std=\count107
Package fontspec Info: Defining font family for 'Adobe Kaiti Std'with options [
Mapping=tex-text,BoldFont={Adobe Kaiti Std},BoldFeatures={RawFeature={embolden=
4}}] on input line 12.
Package fontspec Info: Could not resolve font Adobe Kaiti Std/I (it might not e
xist) on input line 12.
Package fontspec Info: Could not resolve font Adobe Kaiti Std/I (it might not e
xist) on input line 12.
))
\CTEX@q=\count108
\CTEX@r=\count109
)
(/usr/share/texmf-dist/tex/latex/ctex/def/ctex-caption.def)
(/usr/share/texmf-dist/tex/latex/ctex/def/ctex-class.def)
(/usr/share/texmf-dist/tex/latex/ctex/def/ctex-book.def))
(/usr/share/texmf-dist/tex/latex/ctex/def/ctex-utf8.def)
(/usr/share/texmf-dist/tex/latex/ctex/cfg/ctexcap.cfg
(/usr/share/texmf-dist/tex/latex/ctex/cfg/ctexcap-utf8.cfg))
(/usr/share/texmf-dist/tex/latex/ctex/cfg/ctex.cfg)
(/usr/share/texmf-dist/tex/latex/supertabular/supertabular.sty
Package: supertabular 2004/02/20 v4.1e the supertabular environment
\c@tracingst=\count110
\ST@wd=\dimen107
\ST@rightskip=\skip46
\ST@leftskip=\skip47
\ST@parfillskip=\skip48
\ST@pageleft=\dimen108
\ST@headht=\dimen109
\ST@tailht=\dimen110
\ST@pagesofar=\dimen111
\ST@pboxht=\dimen112
\ST@lineht=\dimen113
\ST@stretchht=\dimen114
\ST@prevht=\dimen115
\ST@toadd=\dimen116
\ST@dimen=\dimen117
\ST@pbox=\box26
)
(/usr/share/texmf-dist/tex/latex/tools/tabularx.sty
Package: tabularx 1999/01/07 v2.07 `tabularx' package (DPC)

(/usr/share/texmf-dist/tex/latex/tools/array.sty
Package: array 2008/09/09 v2.4c Tabular extension package (FMi)
\col@sep=\dimen118
\extrarowheight=\dimen119
\NC@list=\toks17
\extratabsurround=\skip49
\backup@length=\skip50
)
\TX@col@width=\dimen120
\TX@old@table=\dimen121
\TX@old@col=\dimen122
\TX@target=\dimen123
\TX@delta=\dimen124
\TX@cols=\count111
\TX@ftn=\toks18
)
(/usr/share/texmf-dist/tex/latex/carlisle/ltxtable.sty
Package: ltxtable 1995/12/11 v0.2 longtable/tabularx merge (DPC)

(/usr/share/texmf-dist/tex/latex/tools/longtable.sty
Package: longtable 2004/02/01 v4.11 Multi-page Table package (DPC)
\LTleft=\skip51
\LTright=\skip52
\LTpre=\skip53
\LTpost=\skip54
\LTchunksize=\count112
\LTcapwidth=\dimen125
\LT@head=\box27
\LT@firsthead=\box28
\LT@foot=\box29
\LT@lastfoot=\box30
\LT@cols=\count113
\LT@rows=\count114
\c@LT@tables=\count115
\c@LT@chunks=\count116
\LT@p@ftn=\toks19
))
(/usr/share/texmf-dist/tex/latex/chngcntr/chngcntr.sty
Package: chngcntr 2009/09/02 v1.0a change counter resetting
)
(/usr/share/texmf-dist/tex/latex/graphics/color.sty
Package: color 2005/11/14 v1.0j Standard LaTeX Color (DPC)

(/usr/share/texmf-dist/tex/latex/latexconfig/color.cfg
File: color.cfg 2007/01/18 v1.5 color configuration of teTeX/TeXLive
)
Package color Info: Driver file: xetex.def on input line 130.

(/usr/share/texmf-dist/tex/xelatex/xetex-def/xetex.def
File: xetex.def 2009/11/22 v0.94 LaTeX color/graphics driver for XeTeX (RRM/JK)

))
(/usr/share/texmf-dist/tex/latex/graphics/graphicx.sty
Package: graphicx 1999/02/16 v1.0f Enhanced LaTeX Graphics (DPC,SPQR)

(/usr/share/texmf-dist/tex/latex/graphics/graphics.sty
Package: graphics 2009/02/05 v1.0o Standard LaTeX Graphics (DPC,SPQR)

(/usr/share/texmf-dist/tex/latex/graphics/trig.sty
Package: trig 1999/03/16 v1.09 sin cos tan (DPC)
)
(/usr/share/texmf-dist/tex/latex/latexconfig/graphics.cfg
File: graphics.cfg 2009/08/28 v1.8 graphics configuration of TeX Live
)
Package graphics Info: Driver file: xetex.def on input line 91.
)
\Gin@req@height=\dimen126
\Gin@req@width=\dimen127
)
(/usr/share/texmf-dist/tex/latex/algorithms/algorithm.sty
Invalid UTF-8 byte or sequence at line 11 replaced by U+FFFD.
Package: algorithm 2009/08/24 v0.1 Document Style `algorithm' - floating enviro
nment

(/usr/share/texmf-dist/tex/latex/float/float.sty
Package: float 2001/11/08 v1.3d Float enhancements (AL)
\c@float@type=\count117
\float@exts=\toks20
\float@box=\box31
\@float@everytoks=\toks21
\@floatcapt=\box32
)
(/usr/share/texmf-dist/tex/latex/base/ifthen.sty
Package: ifthen 2001/05/26 v1.1c Standard LaTeX ifthen package (DPC)
)
\@float@every@algorithm=\toks22
\c@algorithm=\count118
)
(/usr/share/texmf-dist/tex/latex/amsmath/amsmath.sty
Package: amsmath 2000/07/18 v2.13 AMS math features
\@mathmargin=\skip55

For additional information on amsmath, use the `?' option.
(/usr/share/texmf-dist/tex/latex/amsmath/amstext.sty
Package: amstext 2000/06/29 v2.01

(/usr/share/texmf-dist/tex/latex/amsmath/amsgen.sty
File: amsgen.sty 1999/11/30 v2.0
\@emptytoks=\toks23
\ex@=\dimen128
))
(/usr/share/texmf-dist/tex/latex/amsmath/amsbsy.sty
Package: amsbsy 1999/11/29 v1.2d
\pmbraise@=\dimen129
)
(/usr/share/texmf-dist/tex/latex/amsmath/amsopn.sty
Package: amsopn 1999/12/14 v2.01 operator names
)
\inf@bad=\count119
LaTeX Info: Redefining \frac on input line 211.
\uproot@=\count120
\leftroot@=\count121
LaTeX Info: Redefining \overline on input line 307.
\classnum@=\count122
\DOTSCASE@=\count123
LaTeX Info: Redefining \ldots on input line 379.
LaTeX Info: Redefining \dots on input line 382.
LaTeX Info: Redefining \cdots on input line 467.
\Mathstrutbox@=\box33
\strutbox@=\box34
\big@size=\dimen130
LaTeX Font Info:    Redeclaring font encoding OML on input line 567.
LaTeX Font Info:    Redeclaring font encoding OMS on input line 568.
\macc@depth=\count124
\c@MaxMatrixCols=\count125
\dotsspace@=\muskip10
\c@parentequation=\count126
\dspbrk@lvl=\count127
\tag@help=\toks24
\row@=\count128
\column@=\count129
\maxfields@=\count130
\andhelp@=\toks25
\eqnshift@=\dimen131
\alignsep@=\dimen132
\tagshift@=\dimen133
\tagwidth@=\dimen134
\totwidth@=\dimen135
\lineht@=\dimen136
\@envbody=\toks26
\multlinegap=\skip56
\multlinetaggap=\skip57
\mathdisplay@stack=\toks27
LaTeX Info: Redefining \[ on input line 2666.
LaTeX Info: Redefining \] on input line 2667.
)
(/usr/share/texmf-dist/tex/latex/algorithms/algorithmic.sty
Invalid UTF-8 byte or sequence at line 11 replaced by U+FFFD.
Package: algorithmic 2009/08/24 v0.1 Document Style `algorithmic'
\c@ALC@unique=\count131
\c@ALC@line=\count132
\c@ALC@rem=\count133
\c@ALC@depth=\count134
\ALC@tlm=\skip58
\algorithmicindent=\skip59
)
(/usr/share/texmf-dist/tex/latex/slashbox/slashbox.sty
slashbox style by K.Yasuoka, May 1993.
\@slashboxa=\box35
\@slashboxb=\box36
\@slashboxc=\box37
\@slashboxwd=\count135
\@slashboxht=\count136
\@slashsepl=\dimen137
\@slashsepr=\dimen138
) (/usr/share/texmf-dist/tex/latex/natbib/natbib.sty
Package: natbib 2009/11/07 8.31a (PWD, AO)
\bibhang=\skip60
\bibsep=\skip61
LaTeX Info: Redefining \cite on input line 694.
\c@NAT@ctr=\count137
)
(/usr/share/texmf-dist/tex/latex/caption/caption2.sty
Package: caption2 2008/07/01 v2.2c Customising captions (AS)


Package caption2 Warning: ****************************************************
(caption2)                THIS PACKAGE IS OBSOLETE:
(caption2)                This package attempts to provide an `caption2'
(caption2)                package v2.0/2.1 author environment so that OLD
(caption2)                documents can be successfully processed. It should
(caption2)                NOT be used for NEW documents! New documents should
(caption2)                use the regular `caption' package v3.x instead.
(caption2)                ****************************************************

(/usr/share/texmf-dist/tex/latex/caption/caption3.sty
Package: caption3 2010/01/14 v3.1m caption3 kernel (AR)
\captionmargin=\dimen139
\captionmargin@=\dimen140
\captionwidth=\dimen141
\caption@indent=\dimen142
\caption@parindent=\dimen143
\caption@hangindent=\dimen144
Package caption Info: Unknown document class (or package),
(caption)             standard defaults will be used on input line 1084.
)
Package caption2 Info: Running in caption2 v2.0 compatibility mode on input lin
e 209.
\captionlinewidth=\dimen145
\realcaptionwidth=\dimen146
Package caption2 Info: float package v1.2 (or newer) detected on input line 318
.
Package caption2 Info: longtable package v3.15 (or newer) detected on input lin
e 340.
)
\c@zf@famc@Times New Roman=\count138
Package fontspec Info: Defining font family for 'Times New Roman'with options [
Mapping=tex-text,] on input line 20.

(/usr/share/texmf-dist/tex/latex/titlesec/titlesec.sty
Package: titlesec 2007/08/12 v2.8 Sectioning titles
\ttl@box=\box38
\beforetitleunit=\skip62
\aftertitleunit=\skip63
\ttl@plus=\dimen147
\ttl@minus=\dimen148
\ttl@toksa=\toks28
\titlewidth=\dimen149
\titlewidthlast=\dimen150
\titlewidthfirst=\dimen151
)
(/usr/share/texmf-dist/tex/latex/geometry/geometry.sty
Package: geometry 2008/12/21 v4.2 Page Geometry

(/usr/share/texmf-dist/tex/generic/oberdiek/ifvtex.sty
Package: ifvtex 2008/11/04 v1.4 Switches for detecting VTeX and its modes (HO)
Package ifvtex Info: VTeX not detected.
)
\Gm@cnth=\count139
\Gm@cntv=\count140
\c@Gm@tempcnt=\count141
\Gm@bindingoffset=\dimen152
\Gm@wd@mp=\dimen153
\Gm@odd@mp=\dimen154
\Gm@even@mp=\dimen155
\Gm@dimlist=\toks29

(/usr/share/texmf-dist/tex/xelatex/xetexconfig/geometry.cfg))
(/usr/share/texmf-dist/tex/latex/fancyhdr/fancyhdr.sty
\fancy@headwidth=\skip64
\f@ncyO@elh=\skip65
\f@ncyO@erh=\skip66
\f@ncyO@olh=\skip67
\f@ncyO@orh=\skip68
\f@ncyO@elf=\skip69
\f@ncyO@erf=\skip70
\f@ncyO@olf=\skip71
\f@ncyO@orf=\skip72
) (./master.aux
(./ch1.aux) (./ch2.aux) (./ch3.aux) (./ch4.aux) (./ch5.aux) (./ch6.aux)
(./ch7.aux))
\openout1 = `master.aux'.

LaTeX Font Info:    Checking defaults for OML/cmm/m/it on input line 57.
LaTeX Font Info:    ... okay on input line 57.
LaTeX Font Info:    Checking defaults for T1/cmr/m/n on input line 57.
LaTeX Font Info:    ... okay on input line 57.
LaTeX Font Info:    Checking defaults for OT1/cmr/m/n on input line 57.
LaTeX Font Info:    ... okay on input line 57.
LaTeX Font Info:    Checking defaults for OMS/cmsy/m/n on input line 57.
LaTeX Font Info:    ... okay on input line 57.
LaTeX Font Info:    Checking defaults for OMX/cmex/m/n on input line 57.
LaTeX Font Info:    ... okay on input line 57.
LaTeX Font Info:    Checking defaults for U/cmr/m/n on input line 57.
LaTeX Font Info:    ... okay on input line 57.
LaTeX Font Info:    Checking defaults for TS1/cmr/m/n on input line 57.
LaTeX Font Info:    ... okay on input line 57.
LaTeX Font Info:    Checking defaults for EU1/lmr/m/n on input line 57.
LaTeX Font Info:    ... okay on input line 57.
Package fontspec Info: Adjusting the maths setup (use [no-math] to avoid this).
 on input line 57.
\symlegacymaths=\mathgroup4
LaTeX Font Info:    Overwriting symbol font `legacymaths' in version `bold'
(Font)                  OT1/cmr/m/n --> OT1/cmr/bx/n on input line 57.
LaTeX Font Info:    Redeclaring math accent \acute on input line 57.
LaTeX Font Info:    Redeclaring math accent \grave on input line 57.
LaTeX Font Info:    Redeclaring math accent \ddot on input line 57.
LaTeX Font Info:    Redeclaring math accent \tilde on input line 57.
LaTeX Font Info:    Redeclaring math accent \bar on input line 57.
LaTeX Font Info:    Redeclaring math accent \breve on input line 57.
LaTeX Font Info:    Redeclaring math accent \check on input line 57.
LaTeX Font Info:    Redeclaring math accent \hat on input line 57.
LaTeX Font Info:    Redeclaring math accent \dot on input line 57.
LaTeX Font Info:    Redeclaring math accent \mathring on input line 57.
LaTeX Font Info:    Redeclaring math symbol \Gamma on input line 57.
LaTeX Font Info:    Redeclaring math symbol \Delta on input line 57.
LaTeX Font Info:    Redeclaring math symbol \Theta on input line 57.
LaTeX Font Info:    Redeclaring math symbol \Lambda on input line 57.
LaTeX Font Info:    Redeclaring math symbol \Xi on input line 57.
LaTeX Font Info:    Redeclaring math symbol \Pi on input line 57.
LaTeX Font Info:    Redeclaring math symbol \Sigma on input line 57.
LaTeX Font Info:    Redeclaring math symbol \Upsilon on input line 57.
LaTeX Font Info:    Redeclaring math symbol \Phi on input line 57.
LaTeX Font Info:    Redeclaring math symbol \Psi on input line 57.
LaTeX Font Info:    Redeclaring math symbol \Omega on input line 57.
LaTeX Font Info:    Redeclaring math symbol \mathdollar on input line 57.
LaTeX Font Info:    Redeclaring symbol font `operators' on input line 57.
LaTeX Font Info:    Encoding `OT1' has changed to `EU1' for symbol font
(Font)              `operators' in the math version `normal' on input line 57.
LaTeX Font Info:    Overwriting symbol font `operators' in version `normal'
(Font)                  OT1/cmr/m/n --> EU1/TimesNewRoman(0)/m/n on input line 
57.
LaTeX Font Info:    Encoding `OT1' has changed to `EU1' for symbol font
(Font)              `operators' in the math version `bold' on input line 57.
LaTeX Font Info:    Overwriting symbol font `operators' in version `bold'
(Font)                  OT1/cmr/bx/n --> EU1/TimesNewRoman(0)/m/n on input line
 57.
LaTeX Font Info:    Overwriting symbol font `operators' in version `normal'
(Font)                  EU1/TimesNewRoman(0)/m/n --> EU1/TimesNewRoman(0)/m/n o
n input line 57.
LaTeX Font Info:    Overwriting math alphabet `\mathrm' in version `normal'
(Font)                  EU1/TimesNewRoman(0)/m/n --> EU1/TimesNewRoman(0)/m/n o
n input line 57.
LaTeX Font Info:    Overwriting math alphabet `\mathit' in version `normal'
(Font)                  OT1/cmr/m/it --> EU1/TimesNewRoman(0)/m/it on input lin
e 57.
LaTeX Font Info:    Overwriting math alphabet `\mathbf' in version `normal'
(Font)                  OT1/cmr/bx/n --> EU1/TimesNewRoman(0)/bx/n on input lin
e 57.
LaTeX Font Info:    Overwriting math alphabet `\mathsf' in version `normal'
(Font)                  OT1/cmss/m/n --> EU1/lmss/m/n on input line 57.
LaTeX Font Info:    Overwriting math alphabet `\mathtt' in version `normal'
(Font)                  OT1/cmtt/m/n --> EU1/lmtt/m/n on input line 57.
LaTeX Font Info:    Overwriting symbol font `operators' in version `bold'
(Font)                  EU1/TimesNewRoman(0)/m/n --> EU1/TimesNewRoman(0)/bx/n 
on input line 57.
LaTeX Font Info:    Overwriting math alphabet `\mathrm' in version `bold'
(Font)                  EU1/TimesNewRoman(0)/m/n --> EU1/TimesNewRoman(0)/bx/n 
on input line 57.
LaTeX Font Info:    Overwriting math alphabet `\mathit' in version `bold'
(Font)                  OT1/cmr/bx/it --> EU1/TimesNewRoman(0)/bx/it on input l
ine 57.
LaTeX Font Info:    Overwriting math alphabet `\mathsf' in version `bold'
(Font)                  OT1/cmss/bx/n --> EU1/lmss/bx/n on input line 57.
LaTeX Font Info:    Overwriting math alphabet `\mathtt' in version `bold'
(Font)                  OT1/cmtt/m/n --> EU1/lmtt/bx/n on input line 57.
Package caption Info: Begin \AtBeginDocument code.
Package caption Info: End \AtBeginDocument code.

*geometry detected driver: pdftex*
-------------------- Geometry parameters
paper: a4paper
landscape: --
twocolumn: --
twoside: true
asymmetric: --
h-parts: 85.35826pt, 455.24411pt, 56.9055pt
v-parts: 71.13188pt, 702.78308pt, 71.13188pt
hmarginratio: --
vmarginratio: --
lines: --
heightrounded: --
bindingoffset: 0.0pt
truedimen: --
includehead: --
includefoot: --
includemp: --
driver: pdftex
-------------------- Page layout dimensions and switches
\paperwidth  597.50787pt
\paperheight 845.04684pt
\textwidth  455.24411pt
\textheight 702.78308pt
\oddsidemargin  13.08827pt
\evensidemargin -15.36449pt
\topmargin  -29.59084pt
\headheight 17.07164pt
\headsep    11.38109pt
\footskip   28.45274pt
\marginparwidth 88.0pt
\marginparsep   7.0pt
\columnsep  10.0pt
\skip\footins  10.8pt plus 4.0pt minus 2.0pt
\hoffset 0.0pt
\voffset 0.0pt
\mag 1000
\@twosidetrue \@mparswitchtrue 
(1in=72.27pt, 1cm=28.45pt)
-----------------------
(./master.toc [1



] [2])
\tf@toc=\write3
\openout3 = `master.toc'.

 [3] [4

]
\openout2 = `ch1.aux'.

 (./ch1.tex
第一章
[1


] [2] [3]
Underfull \vbox (badness 10000) has occurred while \output is active []

 [4]
Underfull \vbox (badness 10000) has occurred while \output is active []

 [5]
Underfull \vbox (badness 10000) has occurred while \output is active []

 [6]
Underfull \vbox (badness 10000) has occurred while \output is active []

 [7]
[8]
Underfull \vbox (badness 10000) has occurred while \output is active []

 [9]
Underfull \vbox (badness 10000) has occurred while \output is active []

 [10]
[11]
Underfull \vbox (badness 10000) has occurred while \output is active []

 [12]
[13]
Underfull \vbox (badness 6268) has occurred while \output is active []

 [14]
Underfull \vbox (badness 6268) has occurred while \output is active []

 [15]
Underfull \vbox (badness 6268) has occurred while \output is active []

 [16]
[17] [18]) [19]
\openout2 = `ch2.aux'.

 (./ch2.tex)
\openout2 = `ch3.aux'.

 (./ch3.tex
第二章
[20





] [21] (./collaboration.tbl) (./collaboration.tbl) (./collaboration.tbl
[22]) (./namespace.tbl) (./namespace.tbl) (./namespace.tbl [23])
Underfull \vbox (badness 1902) has occurred while \output is active []

 [24]
[25] (./user.tbl) (./user.tbl) (./user.tbl)
LaTeX Font Info:    Try loading font information for OMS+TimesNewRoman(0) on in
put line 188.
LaTeX Font Info:    No file OMSTimesNewRoman(0).fd. on input line 188.
LaTeX Font Info:    Font shape `OMS/TimesNewRoman(0)/m/n' undefined
(Font)              using `OMS/cmsy/m/n' instead
(Font)              for symbol `textbullet' on input line 188.
 [26]
File: motive-behaviour.pdf Graphic file (type QTm)

<use  "motive-behaviour.pdf" > [27]
Underfull \vbox (badness 10000) has occurred while \output is active []

 [28]
Underfull \vbox (badness 6268) has occurred while \output is active []

 [29]
[30] [31] [32] [33]
Overfull \hbox (10.85028pt too wide) in alignment at lines 477--492
 [][][] []
 []


Underfull \vbox (badness 10000) has occurred while \output is active []

 [34]
[35] (./contribution.tex
\plotpoint=\box39
) [36] [37] [38]
Underfull \vbox (badness 1242) has occurred while \output is active []

 [39]
LaTeX Font Info:    Font shape `OMX/cmex/m/n' in size <10.54> not available
(Font)              size <10.95> substituted on input line 694.

Underfull \vbox (badness 10000) has occurred while \output is active []

 [40]
[41] [42]) [43]
\openout2 = `ch4.aux'.

 (./ch4.tex
第三章
File: 02-3.eps Graphic file (type eps)
<02-3.eps>
Underfull \vbox (badness 1565) has occurred while \output is active []

 [44



]
File: users.jpg Graphic file (type QTm)

<use  "users.jpg" >
Underfull \vbox (badness 10000) has occurred while \output is active []

 [45]
[46]
LaTeX Font Info:    Try loading font information for EU1+lmtt on input line 126
.
 (/usr/share/texmf-dist/tex/xelatex/euenc/eu1lmtt.fd
File: eu1lmtt.fd 2007/01/14 v1.3 Font defs for Latin Modern
)
Overfull \hbox (14.32455pt too wide) in paragraph at lines 143--143
[]      \EU1/lmtt/m/n/12.05 <text xml:space="preserve">Below is a list of the m
ost recent file uploads.[] 
 []

[47] [48] [49] [50] (./dist-1.tex) [51] [52] (./dist-2.tex) (./dist-3.tex)
[53] [54] [55]
File: user-cat.pdf Graphic file (type QTm)
 <use  "user-cat.pdf" > [56]
Underfull \vbox (badness 1117) has occurred while \output is active []

 [57]
[58]
Underfull \vbox (badness 1354) has occurred while \output is active []

 [59]
Underfull \vbox (badness 2644) has occurred while \output is active []

 [60]
[61]
Underfull \vbox (badness 2644) has occurred while \output is active []

 [62])
[63]
\openout2 = `ch5.aux'.

 (./ch5.tex
第四章

Underfull \vbox (badness 3058) has occurred while \output is active []

 [64



]
[65] [66] [67] [68] [69] [70] [71] [72]
File: factors.pdf Graphic file (type QTm)
 <use  "factors.pdf" > [73] [74]
Underfull \vbox (badness 2644) has occurred while \output is active []

 [75]
Underfull \vbox (badness 6268) has occurred while \output is active []

 [76]
Underfull \vbox (badness 10000) has occurred while \output is active []

 [77]
Underfull \vbox (badness 10000) has occurred while \output is active []

 [78]
[79]
File: motive1.pdf Graphic file (type QTm)
 <use  "motive1.pdf" >
Underfull \vbox (badness 6268) has occurred while \output is active []

 [80]
[81]
File: motive2.pdf Graphic file (type QTm)
 <use  "motive2.pdf" >
File: motive3.pdf Graphic file (type QTm)
 <use  "motive3.pdf" > [82]) [83]
\openout2 = `ch6.aux'.

 (./ch6.tex
第五章
File: vensim.pdf Graphic file (type QTm)
<use  "vensim.pdf" > [84



]
Underfull \vbox (badness 5022) has occurred while \output is active []

 [85]
File: io1.pdf Graphic file (type QTm)

<use  "io1.pdf" >
File: io2.pdf Graphic file (type QTm)
 <use  "io2.pdf" > [86] [87]
Underfull \vbox (badness 10000) has occurred while \output is active []

 [88]
(./leader.tex) (./expert.tex) [89] (./contributor.tex) (./maintainer.tex)
(./rider.tex) [90]
Underfull \vbox (badness 10000) has occurred while \output is active []

 [91]
Underfull \vbox (badness 10000) has occurred while \output is active []

 [92]
[93] (./leader-sim1.tex) (./leader-sim2.tex)
Underfull \vbox (badness 4739) has occurred while \output is active []

 [94]
[95] (./expert-sim1.tex) (./expert-sim2.tex) [96] [97] (./contributor-sim1.tex)
(./contributor-sim2.tex) [98] (./maintainer-sim1.tex) (./maintainer-sim2.tex)
(./maintainer-sim3.tex)
Underfull \vbox (badness 8113) has occurred while \output is active []

 [99]
Underfull \vbox (badness 10000) has occurred while \output is active []

 [100]
(./rider-sim1.tex) [101]) [102]
\openout2 = `ch7.aux'.

 (./ch7.tex [103



] [104]) [105] (./master.bbl
[106


]
LaTeX Font Info:    Try loading font information for OT1+TimesNewRoman(0) on in
put line 110.
LaTeX Font Info:    No file OT1TimesNewRoman(0).fd. on input line 110.
LaTeX Font Info:    Font shape `OT1/TimesNewRoman(0)/m/n' undefined
(Font)              using `OT1/cmr/m/n' instead on input line 110.

Underfull \hbox (badness 1168) in paragraph at lines 124--128
[]\EU1/TimesNewRoman(0)/m/n/10.54 ARDICHVILI A, PAGE V, WENTLING T.  Motivation
 and barriers to participation in vir-
 []

[107] [108] [109] [110] [111] [112] [113] [114] [115]
Underfull \hbox (badness 3260) in paragraph at lines 873--878
[]\EU1/TimesNewRoman(0)/m/n/10.54 ZHANG X, ZHU F.   Intrinsic motivation of ope
n content contributors: The case of
 []

[116] [117] [118]
Missing character: There is no ™ in font Adobe Song Std L/ICU:mapping=tex-tex
t,!
 [119]) [120] (./master.aux (./ch1.aux) (./ch2.aux) (./ch3.aux) (./ch4.aux) (./
ch5.aux) (./ch6.aux) (./ch7.aux))
LaTeX Font Info:    Size substitutions with differences
(Font)              up to 0.41pt have occurred.
LaTeX Font Info:    Some font shapes were not available, defaults substituted.
 ) 
Here is how much of TeX's memory you used:
 7841 strings out of 494664
 135562 string characters out of 3167327
 594558 words of memory out of 3000000
 10713 multiletter control sequences out of 15000+200000
 10423 words of font info for 80 fonts, out of 3000000 for 9000
 669 hyphenation exceptions out of 8191
 53i,15n,92p,613b,751s stack positions out of 5000i,500n,10000p,200000b,50000s

Output written on master.pdf (124 pages).
